<?xml version="1.0" encoding="UTF-8"?>
<!-- Generated by org.testng.reporters.JUnitReportReporter -->
<testsuite hostname="DESKTOP-9SMDVF2" failures="0" tests="1" name="com.framework.testcases.TC_03_Search" time="5.042" errors="0" timestamp="2021-11-22T00:37:02 IST" skipped="0">
  <testcase classname="com.framework.testcases.TC_03_Search" name="search" time="5.042"/>
  <system-out/>
</testsuite> <!-- com.framework.testcases.TC_03_Search -->
