<?xml version="1.0" encoding="UTF-8"?>
<!-- Generated by org.testng.reporters.JUnitReportReporter -->
<testsuite hostname="DESKTOP-9SMDVF2" failures="0" tests="1" name="com.framework.testcases.TC_11_Hover" time="9.069" errors="0" timestamp="2021-11-22T00:37:01 IST" skipped="0">
  <testcase classname="com.framework.testcases.TC_11_Hover" name="Hover" time="9.069"/>
  <system-out/>
</testsuite> <!-- com.framework.testcases.TC_11_Hover -->
