<?xml version="1.0" encoding="UTF-8"?>
<!-- Generated by org.testng.reporters.JUnitReportReporter -->
<testsuite hostname="DESKTOP-9SMDVF2" failures="0" tests="2" name="com.framework.testcases.TC_05_Title" time="0.350" errors="0" timestamp="2021-11-22T00:37:02 IST" skipped="0">
  <testcase classname="com.framework.testcases.TC_05_Title" name="verifyTitle" time="0.093"/>
  <system-out/>
  <testcase classname="com.framework.testcases.TC_05_Title" name="pageContains" time="0.257"/>
  <system-out/>
</testsuite> <!-- com.framework.testcases.TC_05_Title -->
