<?xml version="1.0" encoding="UTF-8"?>
<!-- Generated by org.testng.reporters.JUnitReportReporter -->
<testsuite hostname="DESKTOP-9SMDVF2" failures="0" tests="1" name="com.framework.bdd.testcases.TC_02_Login" time="7.738" errors="0" timestamp="2021-11-20T11:18:08 IST" skipped="0">
  <testcase classname="com.framework.bdd.testcases.TC_02_Login" name="validLogin" time="7.738"/>
  <system-out/>
</testsuite> <!-- com.framework.bdd.testcases.TC_02_Login -->
