<?xml version="1.0" encoding="UTF-8"?>
<!-- Generated by org.testng.reporters.JUnitReportReporter -->
<testsuite hostname="DESKTOP-9SMDVF2" failures="0" tests="1" name="com.framework.bdd.testcases.TC_06_WishList" time="15.551" errors="0" timestamp="2021-11-20T07:06:32 IST" skipped="0">
  <testcase classname="com.framework.bdd.testcases.TC_06_WishList" name="wishList" time="15.551"/>
  <system-out/>
</testsuite> <!-- com.framework.bdd.testcases.TC_06_WishList -->
