<?xml version="1.0" encoding="UTF-8"?>
<!-- Generated by org.testng.reporters.JUnitReportReporter -->
<testsuite hostname="DESKTOP-9SMDVF2" failures="0" tests="1" name="com.framework.bdd.testcases.TC_03_Search" time="13.299" errors="0" timestamp="2021-11-19T21:57:45 IST" skipped="0">
  <testcase classname="com.framework.bdd.testcases.TC_03_Search" name="search" time="13.299"/>
  <system-out/>
</testsuite> <!-- com.framework.bdd.testcases.TC_03_Search -->
