<?xml version="1.0" encoding="UTF-8"?>
<!-- Generated by org.testng.reporters.JUnitReportReporter -->
<testsuite hostname="DESKTOP-9SMDVF2" failures="0" tests="2" name="com.framework.bdd.testcases.TC_05_Title" time="4.301" errors="0" timestamp="2021-11-20T16:44:23 IST" skipped="0">
  <testcase classname="com.framework.bdd.testcases.TC_05_Title" name="verifyTitle" time="4.197"/>
  <system-out/>
  <testcase classname="com.framework.bdd.testcases.TC_05_Title" name="pageContains" time="0.104"/>
  <system-out/>
</testsuite> <!-- com.framework.bdd.testcases.TC_05_Title -->
